<?xml version="1.0" encoding="UTF-8"?>
<!-- Generated by org.testng.reporters.JUnitReportReporter -->
<testsuite hostname="LAPTOP-UCEAIENJ" failures="0" tests="1" name="testscripts.AddToCartTest" time="22.913" errors="0" timestamp="2023-05-30T10:42:56 IST" skipped="0">
  <testcase classname="testscripts.AddToCartTest" name="addToCartTest" time="22.913"/>
  <system-out/>
</testsuite> <!-- testscripts.AddToCartTest -->
