<?xml version="1.0" encoding="UTF-8"?>
<!-- Generated by org.testng.reporters.JUnitReportReporter -->
<testsuite hostname="LAPTOP-UCEAIENJ" failures="0" tests="1" name="testscripts.SendContactDetailsTest" time="19.169" errors="0" timestamp="2023-05-29T11:47:09 IST" skipped="0">
  <testcase classname="testscripts.SendContactDetailsTest" name="sendContactDetailsTest" time="19.169"/>
  <system-out/>
</testsuite> <!-- testscripts.SendContactDetailsTest -->
