<?xml version="1.0" encoding="UTF-8"?>
<!-- Generated by org.testng.reporters.JUnitReportReporter -->
<testsuite hostname="LAPTOP-UCEAIENJ" failures="0" tests="1" name="testscripts.addPythonToCartTest" time="27.305" errors="0" timestamp="2023-05-29T11:40:17 IST" skipped="0">
  <testcase classname="testscripts.addPythonToCartTest" name="addPythonToMyCartTest" time="27.305"/>
  <system-out/>
</testsuite> <!-- testscripts.addPythonToCartTest -->
